\BOOKMARK [1][-]{section.1}{\376\377\000M\000.\000\040\000n\000u\000m\000\351\000r\000i\000c\000o\000s\000\040\000p\000a\000r\000a\000\040\000e\000c\000u\000a\000c\000i\000o\000n\000e\000s\000\040\000l\000i\000n\000e\000a\000l\000e\000s}{}% 1
\BOOKMARK [2][-]{subsection.1.1}{\376\377\000M\000a\000l\000l\000a\000d\000o\000\040\000e\000s\000p\000a\000c\000i\000o\040\023\000t\000e\000m\000p\000o\000r\000a\000l}{section.1}% 2
\BOOKMARK [2][-]{subsection.1.2}{\376\377\000R\000a\000z\000\363\000n\000\040\000d\000e\000\040\000m\000a\000l\000l\000a}{section.1}% 3
\BOOKMARK [2][-]{subsection.1.3}{\376\377\000F\000u\000n\000c\000i\000\363\000n\000\040\000a\000p\000r\000o\000x\000i\000m\000a\000n\000t\000e\000\040\000p\000o\000r\000\040\000p\000e\000d\000a\000z\000o\000s}{section.1}% 4
\BOOKMARK [2][-]{subsection.1.4}{\376\377\000M\000\351\000t\000o\000d\000o\000s\000\040\000d\000e\000\040\000n\000i\000v\000e\000l}{section.1}% 5
\BOOKMARK [2][-]{subsection.1.5}{\376\377\000D\000i\000s\000c\000r\000e\000t\000i\000z\000a\000c\000i\000\363\000n\000\040\000e\000x\000p\000l\000\355\000c\000i\000t\000a\000\040\000c\000e\000n\000t\000r\000a\000d\000a}{section.1}% 6
\BOOKMARK [2][-]{subsection.1.6}{\376\377\000M\000\351\000t\000o\000d\000o\000\040\000i\000m\000p\000l\000\355\000c\000i\000t\000o}{section.1}% 7
\BOOKMARK [2][-]{subsection.1.7}{\376\377\000E\000s\000t\000\351\000n\000c\000i\000l}{section.1}% 8
\BOOKMARK [2][-]{subsection.1.8}{\376\377\000M\000\351\000t\000o\000d\000o\000s\000\040\000d\000e\000\040\000u\000n\000\040\000l\000a\000d\000o}{section.1}% 9
\BOOKMARK [2][-]{subsection.1.9}{\376\377\000M\000\351\000t\000o\000d\000o\000\040\000l\000e\000a\000p\000f\000r\000o\000g}{section.1}% 10
\BOOKMARK [2][-]{subsection.1.10}{\376\377\000M\000\351\000t\000o\000d\000o\000\040\000d\000e\000\040\000L\000a\000x\040\023\000F\000r\000i\000e\000d\000r\000i\000c\000h\000s}{section.1}% 11
\BOOKMARK [2][-]{subsection.1.11}{\376\377\000D\000e\000r\000i\000v\000a\000c\000i\000\363\000n\000\040\000t\000i\000p\000o\000\040\000T\000a\000y\000l\000o\000r}{section.1}% 12
\BOOKMARK [2][-]{subsection.1.12}{\376\377\000M\000\351\000t\000o\000d\000o\000\040\000d\000e\000\040\000L\000a\000x\040\023\000W\000e\000n\000d\000r\000o\000f\000f}{section.1}% 13
\BOOKMARK [2][-]{subsection.1.13}{\376\377\000F\000o\000r\000m\000a\000\040\000o\000p\000e\000r\000a\000t\000o\000r\000i\000a\000l\000\040\000d\000e\000l\000\040\000m\000\351\000t\000o\000d\000o}{section.1}% 14
\BOOKMARK [2][-]{subsection.1.14}{\376\377\000E\000r\000r\000o\000r\000\040\000g\000l\000o\000b\000a\000l}{section.1}% 15
\BOOKMARK [2][-]{subsection.1.15}{\376\377\000C\000o\000n\000v\000e\000r\000g\000e\000n\000c\000i\000a\000,\000\040\000c\000o\000n\000s\000i\000s\000t\000e\000n\000c\000i\000a\000\040\000y\000\040\000e\000r\000r\000o\000r\000\040\000d\000e\000\040\000t\000r\000u\000n\000c\000a\000c\000i\000\363\000n\000\040\000l\000o\000c\000a\000l}{section.1}% 16
\BOOKMARK [3][-]{subsubsection.1.15.1}{\376\377\000E\000r\000r\000o\000r\000\040\000d\000e\000\040\000t\000r\000u\000n\000c\000a\000c\000i\000\363\000n\000\040\000l\000o\000c\000a\000l}{subsection.1.15}% 17
\BOOKMARK [2][-]{subsection.1.16}{\376\377\000A\000p\000r\000o\000x\000i\000m\000a\000c\000i\000\363\000n\000\040\000d\000e\000\040\000d\000e\000r\000i\000v\000a\000d\000a\000s\000\040\000u\000s\000a\000n\000d\000o\000\040\000E\000T\000L}{section.1}% 18
\BOOKMARK [3][-]{subsubsection.1.16.1}{\376\377\000A\000p\000r\000o\000x\000i\000m\000a\000c\000i\000\363\000n\000\040\000d\000e\000\040\000v\000x\000\050\000x\000j\000\051\000\040\000u\000s\000a\000n\000d\000o\000\040\000c\000u\000a\000t\000r\000o\000\040\000p\000u\000n\000t\000o\000s}{subsection.1.16}% 19
\BOOKMARK [3][-]{subsubsection.1.16.2}{\376\377\000A\000p\000r\000o\000x\000i\000m\000a\000c\000i\000\363\000n\000\040\000c\000e\000n\000t\000r\000a\000d\000a\000\040\000d\000e\000\040\000v\000x\000x\000\050\000x\000j\000\051}{subsection.1.16}% 20
\BOOKMARK [3][-]{subsubsection.1.16.3}{\376\377\000A\000p\000r\000o\000x\000i\000m\000a\000c\000i\000\363\000n\000\040\000d\000e\000\040\000v\000x\000x\000x\000\050\000x\000j\000\051\000\040\000u\000s\000a\000n\000d\000o\000\040\000c\000i\000n\000c\000o\000\040\000n\000o\000d\000o\000s}{subsection.1.16}% 21
\BOOKMARK [2][-]{subsection.1.17}{\376\377\000E\000r\000r\000o\000r\000\040\000g\000l\000o\000b\000a\000l\000\040\000y\000\040\000e\000c\000u\000a\000c\000i\000\363\000n\000\040\000d\000e\000l\000\040\000e\000r\000r\000o\000r}{section.1}% 22
\BOOKMARK [2][-]{subsection.1.18}{\376\377\000E\000s\000t\000a\000b\000i\000l\000i\000d\000a\000d}{section.1}% 23
\BOOKMARK [2][-]{subsection.1.19}{\376\377\000C\000o\000n\000v\000e\000r\000g\000e\000n\000c\000i\000a\000\040\000d\000e\000l\000\040\000m\000\351\000t\000o\000d\000o}{section.1}% 24
\BOOKMARK [2][-]{subsection.1.20}{\376\377\000E\000j\000e\000m\000p\000l\000o\000:\000\040\000e\000s\000t\000a\000b\000i\000l\000i\000d\000a\000d\000\040\000d\000e\000l\000\040\000m\000\351\000t\000o\000d\000o\000\040\000d\000e\000\040\000L\000a\000x\040\023\000F\000r\000i\000e\000d\000r\000i\000c\000h\000s}{section.1}% 25
\BOOKMARK [2][-]{subsection.1.21}{\376\377\000E\000j\000e\000m\000p\000l\000o\000:\000\040\000m\000\351\000t\000o\000d\000o\000\040\000d\000e\000\040\000u\000n\000\040\000l\000a\000d\000o}{section.1}% 26
